2020-03-05 00:28:47.396  INFO 2552 --- [main] com.Application                          : Starting Application on DESKTOP-DGB87RE with PID 2552 (D:\stsProject\studyspringboot\target\classes started by DH in D:\stsProject\studyspringboot)
2020-03-05 00:28:47.402  INFO 2552 --- [main] com.Application                          : No active profile set, falling back to default profiles: default
2020-03-05 00:28:49.065  INFO 2552 --- [main] o.s.c.a.ConfigurationClassPostProcessor  : Cannot enhance @Configuration bean definition 'dataConfigSource' since its singleton instance has been created too early. The typical cause is a non-static @Bean method with a BeanDefinitionRegistryPostProcessor return type: Consider declaring such methods as 'static'.
2020-03-05 00:28:49.244  INFO 2552 --- [main] trationDelegate$BeanPostProcessorChecker : Bean 'org.springframework.boot.autoconfigure.jdbc.DataSourceConfiguration$Hikari' of type [org.springframework.boot.autoconfigure.jdbc.DataSourceConfiguration$Hikari] is not eligible for getting processed by all BeanPostProcessors (for example: not eligible for auto-proxying)
2020-03-05 00:28:49.266  INFO 2552 --- [main] trationDelegate$BeanPostProcessorChecker : Bean 'spring.datasource-org.springframework.boot.autoconfigure.jdbc.DataSourceProperties' of type [org.springframework.boot.autoconfigure.jdbc.DataSourceProperties] is not eligible for getting processed by all BeanPostProcessors (for example: not eligible for auto-proxying)
2020-03-05 00:28:49.288  INFO 2552 --- [main] trationDelegate$BeanPostProcessorChecker : Bean 'dataSource' of type [com.zaxxer.hikari.HikariDataSource] is not eligible for getting processed by all BeanPostProcessors (for example: not eligible for auto-proxying)
2020-03-05 00:28:49.463  INFO 2552 --- [main] trationDelegate$BeanPostProcessorChecker : Bean 'sqlsessionFactory' of type [org.apache.ibatis.session.defaults.DefaultSqlSessionFactory] is not eligible for getting processed by all BeanPostProcessors (for example: not eligible for auto-proxying)
2020-03-05 00:28:49.472  INFO 2552 --- [main] trationDelegate$BeanPostProcessorChecker : Bean 'sqlSessionTemplate' of type [org.mybatis.spring.SqlSessionTemplate] is not eligible for getting processed by all BeanPostProcessors (for example: not eligible for auto-proxying)
2020-03-05 00:28:49.478  INFO 2552 --- [main] trationDelegate$BeanPostProcessorChecker : Bean 'studyMapper' of type [org.mybatis.spring.mapper.MapperFactoryBean] is not eligible for getting processed by all BeanPostProcessors (for example: not eligible for auto-proxying)
2020-03-05 00:28:49.484  INFO 2552 --- [main] trationDelegate$BeanPostProcessorChecker : Bean 'studyService' of type [org.mybatis.spring.mapper.MapperFactoryBean] is not eligible for getting processed by all BeanPostProcessors (for example: not eligible for auto-proxying)
2020-03-05 00:28:49.487  INFO 2552 --- [main] trationDelegate$BeanPostProcessorChecker : Bean 'loginMapper' of type [org.mybatis.spring.mapper.MapperFactoryBean] is not eligible for getting processed by all BeanPostProcessors (for example: not eligible for auto-proxying)
2020-03-05 00:28:49.490  INFO 2552 --- [main] trationDelegate$BeanPostProcessorChecker : Bean 'loginService' of type [org.mybatis.spring.mapper.MapperFactoryBean] is not eligible for getting processed by all BeanPostProcessors (for example: not eligible for auto-proxying)
2020-03-05 00:28:49.522  INFO 2552 --- [main] trationDelegate$BeanPostProcessorChecker : Bean 'org.springframework.ws.config.annotation.DelegatingWsConfiguration' of type [org.springframework.ws.config.annotation.DelegatingWsConfiguration$$EnhancerBySpringCGLIB$$10c92c32] is not eligible for getting processed by all BeanPostProcessors (for example: not eligible for auto-proxying)
2020-03-05 00:28:49.580  INFO 2552 --- [main] .w.s.a.s.AnnotationActionEndpointMapping : Supporting [WS-Addressing August 2004, WS-Addressing 1.0]
2020-03-05 00:28:49.595  INFO 2552 --- [main] trationDelegate$BeanPostProcessorChecker : Bean 'org.springframework.transaction.annotation.ProxyTransactionManagementConfiguration' of type [org.springframework.transaction.annotation.ProxyTransactionManagementConfiguration] is not eligible for getting processed by all BeanPostProcessors (for example: not eligible for auto-proxying)
2020-03-05 00:28:49.943  INFO 2552 --- [main] o.s.b.w.embedded.tomcat.TomcatWebServer  : Tomcat initialized with port(s): 8080 (http)
2020-03-05 00:28:49.955  INFO 2552 --- [main] o.apache.catalina.core.StandardService   : Starting service [Tomcat]
2020-03-05 00:28:49.955  INFO 2552 --- [main] org.apache.catalina.core.StandardEngine  : Starting Servlet engine: [Apache Tomcat/9.0.27]
2020-03-05 00:28:50.232  INFO 2552 --- [main] org.apache.jasper.servlet.TldScanner     : At least one JAR was scanned for TLDs yet contained no TLDs. Enable debug logging for this logger for a complete list of JARs that were scanned but no TLDs were found in them. Skipping unneeded JARs during scanning can improve startup time and JSP compilation time.
2020-03-05 00:28:50.238  INFO 2552 --- [main] o.a.c.c.C.[Tomcat].[localhost].[/]       : Initializing Spring embedded WebApplicationContext
2020-03-05 00:28:50.238 DEBUG 2552 --- [main] o.s.web.context.ContextLoader            : Published root WebApplicationContext as ServletContext attribute with name [org.springframework.web.context.WebApplicationContext.ROOT]
2020-03-05 00:28:50.238  INFO 2552 --- [main] o.s.web.context.ContextLoader            : Root WebApplicationContext: initialization completed in 2786 ms
2020-03-05 00:28:51.035 DEBUG 2552 --- [main] s.w.s.m.m.a.RequestMappingHandlerMapping : 26 mappings in 'requestMappingHandlerMapping'
2020-03-05 00:28:51.042  INFO 2552 --- [main] o.s.b.a.w.s.WelcomePageHandlerMapping    : Adding welcome page template: index
2020-03-05 00:28:51.174 DEBUG 2552 --- [main] o.s.w.s.handler.SimpleUrlHandlerMapping  : Patterns [/webjars/**, /**] in 'resourceHandlerMapping'
2020-03-05 00:28:51.331  INFO 2552 --- [main] o.s.s.web.DefaultSecurityFilterChain     : Creating filter chain: any request, [org.springframework.security.web.context.request.async.WebAsyncManagerIntegrationFilter@405d8a80, org.springframework.security.web.context.SecurityContextPersistenceFilter@31d4b3e8, org.springframework.security.web.header.HeaderWriterFilter@4070ace9, org.springframework.security.web.csrf.CsrfFilter@28f05b0c, org.springframework.security.web.authentication.logout.LogoutFilter@531ec2ca, org.springframework.security.web.authentication.UsernamePasswordAuthenticationFilter@5464b97c, org.springframework.security.web.authentication.ui.DefaultLoginPageGeneratingFilter@296676c4, org.springframework.security.web.authentication.ui.DefaultLogoutPageGeneratingFilter@ac4e690, org.springframework.security.web.authentication.www.BasicAuthenticationFilter@4a4b288a, org.springframework.security.web.savedrequest.RequestCacheAwareFilter@1fc1c7e, org.springframework.security.web.servletapi.SecurityContextHolderAwareRequestFilter@5871a482, org.springframework.security.web.authentication.AnonymousAuthenticationFilter@6afeaf2d, org.springframework.security.web.session.SessionManagementFilter@740c4868, org.springframework.security.web.access.ExceptionTranslationFilter@3d6778d5, org.springframework.security.web.access.intercept.FilterSecurityInterceptor@68f776ee]
2020-03-05 00:28:51.476  INFO 2552 --- [main] o.s.s.concurrent.ThreadPoolTaskExecutor  : Initializing ExecutorService 'applicationTaskExecutor'
2020-03-05 00:28:51.499 DEBUG 2552 --- [main] s.w.s.m.m.a.RequestMappingHandlerAdapter : ControllerAdvice beans: 0 @ModelAttribute, 0 @InitBinder, 1 RequestBodyAdvice, 1 ResponseBodyAdvice
2020-03-05 00:28:51.544 DEBUG 2552 --- [main] .m.m.a.ExceptionHandlerExceptionResolver : ControllerAdvice beans: 1 @ExceptionHandler, 1 ResponseBodyAdvice
2020-03-05 00:28:52.640  INFO 2552 --- [main] o.s.b.w.embedded.tomcat.TomcatWebServer  : Tomcat started on port(s): 8080 (http) with context path ''
2020-03-05 00:28:52.644  INFO 2552 --- [main] com.Application                          : Started Application in 5.628 seconds (JVM running for 7.946)
2020-03-05 00:28:59.844  INFO 2552 --- [http-nio-8080-exec-1] o.a.c.c.C.[Tomcat].[localhost].[/]       : Initializing Spring DispatcherServlet 'dispatcherServlet'
2020-03-05 00:28:59.845  INFO 2552 --- [http-nio-8080-exec-1] o.s.web.servlet.DispatcherServlet        : Initializing Servlet 'dispatcherServlet'
2020-03-05 00:28:59.845 DEBUG 2552 --- [http-nio-8080-exec-1] o.s.web.servlet.DispatcherServlet        : Detected StandardServletMultipartResolver
2020-03-05 00:28:59.873 DEBUG 2552 --- [http-nio-8080-exec-1] o.s.web.servlet.DispatcherServlet        : enableLoggingRequestDetails='false': request parameters and headers will be masked to prevent unsafe logging of potentially sensitive data
2020-03-05 00:28:59.873  INFO 2552 --- [http-nio-8080-exec-1] o.s.web.servlet.DispatcherServlet        : Completed initialization in 28 ms
2020-03-05 00:28:59.909 DEBUG 2552 --- [http-nio-8080-exec-1] o.s.web.servlet.DispatcherServlet        : GET "/", parameters={}
2020-03-05 00:28:59.915 DEBUG 2552 --- [http-nio-8080-exec-1] o.s.w.s.v.ContentNegotiatingViewResolver : Selected 'text/html' given [text/html, application/xhtml+xml, image/webp, image/apng, application/xml;q=0.9, application/signed-exchange;v=b3;q=0.9, */*;q=0.8]
2020-03-05 00:28:59.916 DEBUG 2552 --- [http-nio-8080-exec-1] o.s.web.servlet.view.JstlView            : View name 'index', model {}
2020-03-05 00:28:59.920 DEBUG 2552 --- [http-nio-8080-exec-1] o.s.web.servlet.view.JstlView            : Forwarding to [/WEB-INF/jsp/index.jsp]
2020-03-05 00:29:00.340 DEBUG 2552 --- [http-nio-8080-exec-1] o.s.web.servlet.DispatcherServlet        : "FORWARD" dispatch for GET "/main", parameters={}
2020-03-05 00:29:00.341 DEBUG 2552 --- [http-nio-8080-exec-1] s.w.s.m.m.a.RequestMappingHandlerMapping : Mapped to com.study.login.controller.LoginController#welcome(HttpServletResponse, HttpServletRequest, ModelAndView, LoginVO)
2020-03-05 00:29:00.374  INFO 2552 --- [http-nio-8080-exec-1] com.zaxxer.hikari.HikariDataSource       : HikariPool-1 - Starting...
2020-03-05 00:29:05.146  INFO 2552 --- [http-nio-8080-exec-1] com.zaxxer.hikari.HikariDataSource       : HikariPool-1 - Start completed.
2020-03-05 00:29:05.211 DEBUG 2552 --- [http-nio-8080-exec-1] o.s.w.s.v.ContentNegotiatingViewResolver : Selected 'text/html' given [text/html, application/xhtml+xml, image/webp, image/apng, application/xml;q=0.9, application/signed-exchange;v=b3;q=0.9, */*;q=0.8]
2020-03-05 00:29:05.211 DEBUG 2552 --- [http-nio-8080-exec-1] o.s.web.servlet.view.JstlView            : View name 'login/main', model {modelAndView=ModelAndView [view="login/main"; model={userId=anonymousUser, list=[com.study.service.StudyVO@2a2343ef]}], org.springframework.validation.BindingResult.modelAndView=org.springframework.validation.BeanPropertyBindingResult: 0 errors, loginVO=com.study.login.service.LoginVO@37902ff6, org.springframework.validation.BindingResult.loginVO=org.springframework.validation.BeanPropertyBindingResult: 0 errors, userId=anonymousUser, list=[com.study.service.StudyVO@2a2343ef]}
2020-03-05 00:29:05.211 DEBUG 2552 --- [http-nio-8080-exec-1] o.s.web.servlet.view.JstlView            : Forwarding to [/WEB-INF/jsp/login/main.jsp]
2020-03-05 00:29:05.977 DEBUG 2552 --- [http-nio-8080-exec-2] o.s.web.servlet.DispatcherServlet        : GET "/css/bootstrap.css", parameters={}
2020-03-05 00:29:05.982 DEBUG 2552 --- [http-nio-8080-exec-4] o.s.web.servlet.DispatcherServlet        : GET "/css/flexslider.css", parameters={}
2020-03-05 00:29:05.984 DEBUG 2552 --- [http-nio-8080-exec-3] o.s.web.servlet.DispatcherServlet        : GET "/css/bootstrap-responsive.css", parameters={}
2020-03-05 00:29:05.987 DEBUG 2552 --- [http-nio-8080-exec-6] o.s.web.servlet.DispatcherServlet        : GET "/css/camera.css", parameters={}
2020-03-05 00:29:05.987 DEBUG 2552 --- [http-nio-8080-exec-5] o.s.web.servlet.DispatcherServlet        : GET "/css/prettyPhoto.css", parameters={}
2020-03-05 00:29:05.989 DEBUG 2552 --- [http-nio-8080-exec-2] o.s.w.s.handler.SimpleUrlHandlerMapping  : Mapped to ResourceHttpRequestHandler ["classpath:/resources/", "classpath:/static/", "/"]
2020-03-05 00:29:05.990 DEBUG 2552 --- [http-nio-8080-exec-5] o.s.w.s.handler.SimpleUrlHandlerMapping  : Mapped to ResourceHttpRequestHandler ["classpath:/resources/", "classpath:/static/", "/"]
2020-03-05 00:29:05.992 DEBUG 2552 --- [http-nio-8080-exec-6] o.s.w.s.handler.SimpleUrlHandlerMapping  : Mapped to ResourceHttpRequestHandler ["classpath:/resources/", "classpath:/static/", "/"]
2020-03-05 00:29:05.993 DEBUG 2552 --- [http-nio-8080-exec-3] o.s.w.s.handler.SimpleUrlHandlerMapping  : Mapped to ResourceHttpRequestHandler ["classpath:/resources/", "classpath:/static/", "/"]
2020-03-05 00:29:05.992 DEBUG 2552 --- [http-nio-8080-exec-4] o.s.w.s.handler.SimpleUrlHandlerMapping  : Mapped to ResourceHttpRequestHandler ["classpath:/resources/", "classpath:/static/", "/"]
2020-03-05 00:29:06.021 DEBUG 2552 --- [http-nio-8080-exec-2] o.s.web.servlet.DispatcherServlet        : Completed 200 OK
2020-03-05 00:29:06.024 DEBUG 2552 --- [http-nio-8080-exec-3] o.s.web.servlet.DispatcherServlet        : Completed 200 OK
2020-03-05 00:29:06.027 DEBUG 2552 --- [http-nio-8080-exec-3] o.s.web.servlet.DispatcherServlet        : GET "/css/style.css", parameters={}
2020-03-05 00:29:06.028 DEBUG 2552 --- [http-nio-8080-exec-2] o.s.web.servlet.DispatcherServlet        : GET "/css/jquery.bxslider.css", parameters={}
2020-03-05 00:29:06.029 DEBUG 2552 --- [http-nio-8080-exec-2] o.s.w.s.handler.SimpleUrlHandlerMapping  : Mapped to ResourceHttpRequestHandler ["classpath:/resources/", "classpath:/static/", "/"]
2020-03-05 00:29:06.029 DEBUG 2552 --- [http-nio-8080-exec-3] o.s.w.s.handler.SimpleUrlHandlerMapping  : Mapped to ResourceHttpRequestHandler ["classpath:/resources/", "classpath:/static/", "/"]
2020-03-05 00:29:06.032 DEBUG 2552 --- [http-nio-8080-exec-4] o.s.web.servlet.DispatcherServlet        : Completed 200 OK
2020-03-05 00:29:06.036 DEBUG 2552 --- [http-nio-8080-exec-4] o.s.web.servlet.DispatcherServlet        : GET "/color/default.css", parameters={}
2020-03-05 00:29:06.038 DEBUG 2552 --- [http-nio-8080-exec-4] o.s.w.s.handler.SimpleUrlHandlerMapping  : Mapped to ResourceHttpRequestHandler ["classpath:/resources/", "classpath:/static/", "/"]
2020-03-05 00:29:06.039 DEBUG 2552 --- [http-nio-8080-exec-5] o.s.web.servlet.DispatcherServlet        : Completed 200 OK
2020-03-05 00:29:06.045 DEBUG 2552 --- [http-nio-8080-exec-6] o.s.web.servlet.DispatcherServlet        : Completed 200 OK
2020-03-05 00:29:06.047 DEBUG 2552 --- [http-nio-8080-exec-3] o.s.web.servlet.DispatcherServlet        : Completed 200 OK
2020-03-05 00:29:06.055 DEBUG 2552 --- [http-nio-8080-exec-4] o.s.web.servlet.DispatcherServlet        : Completed 200 OK
2020-03-05 00:29:06.056 DEBUG 2552 --- [http-nio-8080-exec-8] o.s.web.servlet.DispatcherServlet        : GET "/css/font-awesome.css", parameters={}
2020-03-05 00:29:06.058 DEBUG 2552 --- [http-nio-8080-exec-9] o.s.web.servlet.DispatcherServlet        : GET "/css/overwrite.css", parameters={}
2020-03-05 00:29:06.058 DEBUG 2552 --- [http-nio-8080-exec-7] o.s.web.servlet.DispatcherServlet        : GET "/js/google-code-prettify/prettify.css", parameters={}
2020-03-05 00:29:06.059 DEBUG 2552 --- [http-nio-8080-exec-9] o.s.w.s.handler.SimpleUrlHandlerMapping  : Mapped to ResourceHttpRequestHandler ["classpath:/resources/", "classpath:/static/", "/"]
2020-03-05 00:29:06.059 DEBUG 2552 --- [http-nio-8080-exec-10] o.s.web.servlet.DispatcherServlet        : GET "/css/animate.css", parameters={}
2020-03-05 00:29:06.059 DEBUG 2552 --- [http-nio-8080-exec-8] o.s.w.s.handler.SimpleUrlHandlerMapping  : Mapped to ResourceHttpRequestHandler ["classpath:/resources/", "classpath:/static/", "/"]
2020-03-05 00:29:06.060 DEBUG 2552 --- [http-nio-8080-exec-7] o.s.w.s.handler.SimpleUrlHandlerMapping  : Mapped to ResourceHttpRequestHandler ["classpath:/resources/", "classpath:/static/", "/"]
2020-03-05 00:29:06.061 DEBUG 2552 --- [http-nio-8080-exec-10] o.s.w.s.handler.SimpleUrlHandlerMapping  : Mapped to ResourceHttpRequestHandler ["classpath:/resources/", "classpath:/static/", "/"]
2020-03-05 00:29:06.063 DEBUG 2552 --- [http-nio-8080-exec-2] o.s.web.servlet.DispatcherServlet        : Completed 200 OK
2020-03-05 00:29:06.065 DEBUG 2552 --- [http-nio-8080-exec-2] o.s.web.servlet.DispatcherServlet        : GET "/css/shortcodes.css", parameters={}
2020-03-05 00:29:06.067 DEBUG 2552 --- [http-nio-8080-exec-2] o.s.w.s.handler.SimpleUrlHandlerMapping  : Mapped to ResourceHttpRequestHandler ["classpath:/resources/", "classpath:/static/", "/"]
2020-03-05 00:29:06.069 DEBUG 2552 --- [http-nio-8080-exec-9] o.s.web.servlet.DispatcherServlet        : Completed 200 OK
2020-03-05 00:29:06.075 DEBUG 2552 --- [http-nio-8080-exec-8] o.s.web.servlet.DispatcherServlet        : Completed 200 OK
2020-03-05 00:29:06.078 DEBUG 2552 --- [http-nio-8080-exec-2] o.s.web.servlet.DispatcherServlet        : Completed 200 OK
2020-03-05 00:29:06.084 DEBUG 2552 --- [http-nio-8080-exec-10] o.s.web.servlet.DispatcherServlet        : Completed 200 OK
2020-03-05 00:29:06.086 DEBUG 2552 --- [http-nio-8080-exec-7] o.s.web.servlet.DispatcherServlet        : Completed 200 OK
2020-03-05 00:29:06.097 DEBUG 2552 --- [http-nio-8080-exec-1] o.s.web.servlet.DispatcherServlet        : Exiting from "FORWARD" dispatch, status 200
2020-03-05 00:29:06.097 DEBUG 2552 --- [http-nio-8080-exec-1] o.s.web.servlet.DispatcherServlet        : Completed 200 OK
2020-03-05 00:29:06.105 DEBUG 2552 --- [http-nio-8080-exec-5] o.s.web.servlet.DispatcherServlet        : GET "/js/jquery.js", parameters={}
2020-03-05 00:29:06.107 DEBUG 2552 --- [http-nio-8080-exec-5] o.s.w.s.handler.SimpleUrlHandlerMapping  : Mapped to ResourceHttpRequestHandler ["classpath:/resources/", "classpath:/static/", "/"]
2020-03-05 00:29:06.117 DEBUG 2552 --- [http-nio-8080-exec-6] o.s.web.servlet.DispatcherServlet        : GET "/js/jquery.easing.1.3.js", parameters={}
2020-03-05 00:29:06.118 DEBUG 2552 --- [http-nio-8080-exec-6] o.s.w.s.handler.SimpleUrlHandlerMapping  : Mapped to ResourceHttpRequestHandler ["classpath:/resources/", "classpath:/static/", "/"]
2020-03-05 00:29:06.120 DEBUG 2552 --- [http-nio-8080-exec-3] o.s.web.servlet.DispatcherServlet        : GET "/js/bootstrap.js", parameters={}
2020-03-05 00:29:06.121 DEBUG 2552 --- [http-nio-8080-exec-4] o.s.web.servlet.DispatcherServlet        : GET "/js/modernizr.custom.js", parameters={}
2020-03-05 00:29:06.121 DEBUG 2552 --- [http-nio-8080-exec-9] o.s.web.servlet.DispatcherServlet        : GET "/js/toucheffects.js", parameters={}
2020-03-05 00:29:06.121 DEBUG 2552 --- [http-nio-8080-exec-3] o.s.w.s.handler.SimpleUrlHandlerMapping  : Mapped to ResourceHttpRequestHandler ["classpath:/resources/", "classpath:/static/", "/"]
2020-03-05 00:29:06.122 DEBUG 2552 --- [http-nio-8080-exec-4] o.s.w.s.handler.SimpleUrlHandlerMapping  : Mapped to ResourceHttpRequestHandler ["classpath:/resources/", "classpath:/static/", "/"]
2020-03-05 00:29:06.122 DEBUG 2552 --- [http-nio-8080-exec-9] o.s.w.s.handler.SimpleUrlHandlerMapping  : Mapped to ResourceHttpRequestHandler ["classpath:/resources/", "classpath:/static/", "/"]
2020-03-05 00:29:06.125 DEBUG 2552 --- [http-nio-8080-exec-8] o.s.web.servlet.DispatcherServlet        : GET "/js/google-code-prettify/prettify.js", parameters={}
2020-03-05 00:29:06.126 DEBUG 2552 --- [http-nio-8080-exec-8] o.s.w.s.handler.SimpleUrlHandlerMapping  : Mapped to ResourceHttpRequestHandler ["classpath:/resources/", "classpath:/static/", "/"]
2020-03-05 00:29:06.152 DEBUG 2552 --- [http-nio-8080-exec-6] o.s.web.servlet.DispatcherServlet        : Completed 200 OK
2020-03-05 00:29:06.156 DEBUG 2552 --- [http-nio-8080-exec-2] o.s.web.servlet.DispatcherServlet        : GET "/js/jquery.bxslider.min.js", parameters={}
2020-03-05 00:29:06.157 DEBUG 2552 --- [http-nio-8080-exec-2] o.s.w.s.handler.SimpleUrlHandlerMapping  : Mapped to ResourceHttpRequestHandler ["classpath:/resources/", "classpath:/static/", "/"]
2020-03-05 00:29:06.167 DEBUG 2552 --- [http-nio-8080-exec-4] o.s.web.servlet.DispatcherServlet        : Completed 200 OK
2020-03-05 00:29:06.171 DEBUG 2552 --- [http-nio-8080-exec-4] o.s.web.servlet.DispatcherServlet        : GET "/js/camera/camera.js", parameters={}
2020-03-05 00:29:06.172 DEBUG 2552 --- [http-nio-8080-exec-4] o.s.w.s.handler.SimpleUrlHandlerMapping  : Mapped to ResourceHttpRequestHandler ["classpath:/resources/", "classpath:/static/", "/"]
2020-03-05 00:29:06.184 DEBUG 2552 --- [http-nio-8080-exec-2] o.s.web.servlet.DispatcherServlet        : Completed 200 OK
2020-03-05 00:29:06.191 DEBUG 2552 --- [http-nio-8080-exec-10] o.s.web.servlet.DispatcherServlet        : GET "/js/camera/setting.js", parameters={}
2020-03-05 00:29:06.191 DEBUG 2552 --- [http-nio-8080-exec-10] o.s.w.s.handler.SimpleUrlHandlerMapping  : Mapped to ResourceHttpRequestHandler ["classpath:/resources/", "classpath:/static/", "/"]
2020-03-05 00:29:06.206 DEBUG 2552 --- [http-nio-8080-exec-9] o.s.web.servlet.DispatcherServlet        : Completed 200 OK
2020-03-05 00:29:06.209 DEBUG 2552 --- [http-nio-8080-exec-9] o.s.web.servlet.DispatcherServlet        : GET "/js/jquery.prettyPhoto.js", parameters={}
2020-03-05 00:29:06.210 DEBUG 2552 --- [http-nio-8080-exec-9] o.s.w.s.handler.SimpleUrlHandlerMapping  : Mapped to ResourceHttpRequestHandler ["classpath:/resources/", "classpath:/static/", "/"]
2020-03-05 00:29:06.218 DEBUG 2552 --- [http-nio-8080-exec-10] o.s.web.servlet.DispatcherServlet        : Completed 200 OK
2020-03-05 00:29:06.221 DEBUG 2552 --- [http-nio-8080-exec-10] o.s.web.servlet.DispatcherServlet        : GET "/js/portfolio/jquery.quicksand.js", parameters={}
2020-03-05 00:29:06.221 DEBUG 2552 --- [http-nio-8080-exec-10] o.s.w.s.handler.SimpleUrlHandlerMapping  : Mapped to ResourceHttpRequestHandler ["classpath:/resources/", "classpath:/static/", "/"]
2020-03-05 00:29:06.229 DEBUG 2552 --- [http-nio-8080-exec-8] o.s.web.servlet.DispatcherServlet        : Completed 200 OK
2020-03-05 00:29:06.231 DEBUG 2552 --- [http-nio-8080-exec-8] o.s.web.servlet.DispatcherServlet        : GET "/js/portfolio/setting.js", parameters={}
2020-03-05 00:29:06.232 DEBUG 2552 --- [http-nio-8080-exec-8] o.s.w.s.handler.SimpleUrlHandlerMapping  : Mapped to ResourceHttpRequestHandler ["classpath:/resources/", "classpath:/static/", "/"]
2020-03-05 00:29:06.236 DEBUG 2552 --- [http-nio-8080-exec-10] o.s.web.servlet.DispatcherServlet        : Completed 200 OK
2020-03-05 00:29:06.237 DEBUG 2552 --- [http-nio-8080-exec-10] o.s.web.servlet.DispatcherServlet        : GET "/js/jquery.flexslider.js", parameters={}
2020-03-05 00:29:06.238 DEBUG 2552 --- [http-nio-8080-exec-8] o.s.web.servlet.DispatcherServlet        : Completed 200 OK
2020-03-05 00:29:06.238 DEBUG 2552 --- [http-nio-8080-exec-10] o.s.w.s.handler.SimpleUrlHandlerMapping  : Mapped to ResourceHttpRequestHandler ["classpath:/resources/", "classpath:/static/", "/"]
2020-03-05 00:29:06.240 DEBUG 2552 --- [http-nio-8080-exec-1] o.s.web.servlet.DispatcherServlet        : GET "/js/animate.js", parameters={}
2020-03-05 00:29:06.241 DEBUG 2552 --- [http-nio-8080-exec-1] o.s.w.s.handler.SimpleUrlHandlerMapping  : Mapped to ResourceHttpRequestHandler ["classpath:/resources/", "classpath:/static/", "/"]
2020-03-05 00:29:06.262 DEBUG 2552 --- [http-nio-8080-exec-3] o.s.web.servlet.DispatcherServlet        : Completed 200 OK
2020-03-05 00:29:06.264 DEBUG 2552 --- [http-nio-8080-exec-3] o.s.web.servlet.DispatcherServlet        : GET "/js/inview.js", parameters={}
2020-03-05 00:29:06.264 DEBUG 2552 --- [http-nio-8080-exec-3] o.s.w.s.handler.SimpleUrlHandlerMapping  : Mapped to ResourceHttpRequestHandler ["classpath:/resources/", "classpath:/static/", "/"]
2020-03-05 00:29:06.272 DEBUG 2552 --- [http-nio-8080-exec-9] o.s.web.servlet.DispatcherServlet        : Completed 200 OK
2020-03-05 00:29:06.273 DEBUG 2552 --- [http-nio-8080-exec-3] o.s.web.servlet.DispatcherServlet        : Completed 200 OK
2020-03-05 00:29:06.274 DEBUG 2552 --- [http-nio-8080-exec-9] o.s.web.servlet.DispatcherServlet        : GET "/js/custom.js", parameters={}
2020-03-05 00:29:06.275 DEBUG 2552 --- [http-nio-8080-exec-9] o.s.w.s.handler.SimpleUrlHandlerMapping  : Mapped to ResourceHttpRequestHandler ["classpath:/resources/", "classpath:/static/", "/"]
2020-03-05 00:29:06.287 DEBUG 2552 --- [http-nio-8080-exec-1] o.s.web.servlet.DispatcherServlet        : Completed 200 OK
2020-03-05 00:29:06.288 DEBUG 2552 --- [http-nio-8080-exec-4] o.s.web.servlet.DispatcherServlet        : Completed 200 OK
2020-03-05 00:29:06.292 DEBUG 2552 --- [http-nio-8080-exec-10] o.s.web.servlet.DispatcherServlet        : Completed 200 OK
2020-03-05 00:29:06.296 DEBUG 2552 --- [http-nio-8080-exec-9] o.s.web.servlet.DispatcherServlet        : Completed 200 OK
2020-03-05 00:29:06.299 DEBUG 2552 --- [http-nio-8080-exec-5] o.s.web.servlet.DispatcherServlet        : Completed 200 OK
2020-03-05 00:29:06.324 DEBUG 2552 --- [http-nio-8080-exec-6] o.s.web.servlet.DispatcherServlet        : GET "/fonts/fontawesome/fontawesome-webfont.woff?v=3.2.1", parameters={masked}
2020-03-05 00:29:06.325 DEBUG 2552 --- [http-nio-8080-exec-6] o.s.w.s.handler.SimpleUrlHandlerMapping  : Mapped to ResourceHttpRequestHandler ["classpath:/resources/", "classpath:/static/", "/"]
2020-03-05 00:29:06.335 DEBUG 2552 --- [http-nio-8080-exec-6] o.s.web.servlet.DispatcherServlet        : Completed 200 OK
2020-03-05 00:29:06.441 DEBUG 2552 --- [http-nio-8080-exec-2] o.s.web.servlet.DispatcherServlet        : GET "/img/camera/camera-loader.gif", parameters={}
2020-03-05 00:29:06.442 DEBUG 2552 --- [http-nio-8080-exec-2] o.s.w.s.handler.SimpleUrlHandlerMapping  : Mapped to ResourceHttpRequestHandler ["classpath:/resources/", "classpath:/static/", "/"]
2020-03-05 00:29:06.452 DEBUG 2552 --- [http-nio-8080-exec-7] o.s.web.servlet.DispatcherServlet        : GET "/img/camera/camera_skins.png", parameters={}
2020-03-05 00:29:06.453 DEBUG 2552 --- [http-nio-8080-exec-7] o.s.w.s.handler.SimpleUrlHandlerMapping  : Mapped to ResourceHttpRequestHandler ["classpath:/resources/", "classpath:/static/", "/"]
2020-03-05 00:29:06.455 DEBUG 2552 --- [http-nio-8080-exec-2] o.s.web.servlet.DispatcherServlet        : Completed 200 OK
2020-03-05 00:29:06.458 DEBUG 2552 --- [http-nio-8080-exec-7] o.s.web.servlet.DispatcherServlet        : Completed 200 OK
2020-03-05 00:29:06.473 DEBUG 2552 --- [http-nio-8080-exec-8] o.s.web.servlet.DispatcherServlet        : GET "/img/slides/camera/slide1/img1.jpg?1583335746460", parameters={masked}
2020-03-05 00:29:06.474 DEBUG 2552 --- [http-nio-8080-exec-8] o.s.w.s.handler.SimpleUrlHandlerMapping  : Mapped to ResourceHttpRequestHandler ["classpath:/resources/", "classpath:/static/", "/"]
2020-03-05 00:29:06.495 DEBUG 2552 --- [http-nio-8080-exec-8] o.s.web.servlet.DispatcherServlet        : Completed 200 OK
2020-03-05 00:29:06.539 DEBUG 2552 --- [http-nio-8080-exec-3] o.s.web.servlet.DispatcherServlet        : GET "/img/slides/camera/slide1/img1.jpg?1583335746460", parameters={masked}
2020-03-05 00:29:06.541 DEBUG 2552 --- [http-nio-8080-exec-3] o.s.w.s.handler.SimpleUrlHandlerMapping  : Mapped to ResourceHttpRequestHandler ["classpath:/resources/", "classpath:/static/", "/"]
2020-03-05 00:29:06.557 DEBUG 2552 --- [http-nio-8080-exec-3] o.s.web.servlet.DispatcherServlet        : Completed 200 OK
2020-03-05 00:29:06.567 DEBUG 2552 --- [http-nio-8080-exec-1] o.s.web.servlet.DispatcherServlet        : GET "/ico/favicon.png", parameters={}
2020-03-05 00:29:06.568 DEBUG 2552 --- [http-nio-8080-exec-1] o.s.w.s.handler.SimpleUrlHandlerMapping  : Mapped to ResourceHttpRequestHandler ["classpath:/resources/", "classpath:/static/", "/"]
2020-03-05 00:29:06.572 DEBUG 2552 --- [http-nio-8080-exec-1] o.s.web.servlet.DispatcherServlet        : Completed 200 OK
2020-03-05 00:29:15.992 DEBUG 2552 --- [http-nio-8080-exec-4] o.s.web.servlet.DispatcherServlet        : GET "/img/slides/camera/slide1/img1.jpg?1583335746460", parameters={masked}
2020-03-05 00:29:15.994 DEBUG 2552 --- [http-nio-8080-exec-4] o.s.w.s.handler.SimpleUrlHandlerMapping  : Mapped to ResourceHttpRequestHandler ["classpath:/resources/", "classpath:/static/", "/"]
2020-03-05 00:29:16.004 DEBUG 2552 --- [http-nio-8080-exec-4] o.s.web.servlet.DispatcherServlet        : Completed 200 OK
2020-03-05 00:29:37.079 DEBUG 2552 --- [http-nio-8080-exec-10] o.s.web.servlet.DispatcherServlet        : GET "/img/slides/camera/slide1/img1.jpg?1583335746460", parameters={masked}
2020-03-05 00:29:37.080 DEBUG 2552 --- [http-nio-8080-exec-10] o.s.w.s.handler.SimpleUrlHandlerMapping  : Mapped to ResourceHttpRequestHandler ["classpath:/resources/", "classpath:/static/", "/"]
2020-03-05 00:29:37.089 DEBUG 2552 --- [http-nio-8080-exec-10] o.s.web.servlet.DispatcherServlet        : Completed 200 OK
2020-03-05 00:29:42.009 DEBUG 2552 --- [http-nio-8080-exec-9] s.w.s.m.m.a.RequestMappingHandlerMapping : Mapped to com.study.controller.StudyController#view(ModelAndView, String)
2020-03-05 00:29:42.011 DEBUG 2552 --- [http-nio-8080-exec-9] s.w.s.m.m.a.RequestMappingHandlerMapping : Mapped to com.study.controller.StudyController#view(ModelAndView, String)
2020-03-05 00:29:42.011 DEBUG 2552 --- [http-nio-8080-exec-9] s.w.s.m.m.a.RequestMappingHandlerMapping : Mapped to com.study.controller.StudyController#view(ModelAndView, String)
2020-03-05 00:29:42.013 DEBUG 2552 --- [http-nio-8080-exec-9] s.w.s.m.m.a.RequestMappingHandlerMapping : Mapped to com.study.controller.StudyController#view(ModelAndView, String)
2020-03-05 00:29:42.014 DEBUG 2552 --- [http-nio-8080-exec-9] s.w.s.m.m.a.RequestMappingHandlerMapping : Mapped to com.study.controller.StudyController#view(ModelAndView, String)
2020-03-05 00:29:42.730 DEBUG 2552 --- [http-nio-8080-exec-6] o.s.w.s.handler.SimpleUrlHandlerMapping  : Mapped to ResourceHttpRequestHandler ["classpath:/resources/", "classpath:/static/", "/"]
2020-03-05 00:29:42.731 DEBUG 2552 --- [http-nio-8080-exec-6] o.s.w.s.handler.SimpleUrlHandlerMapping  : Mapped to ResourceHttpRequestHandler ["classpath:/resources/", "classpath:/static/", "/"]
2020-03-05 00:29:42.735 DEBUG 2552 --- [http-nio-8080-exec-6] o.s.w.s.handler.SimpleUrlHandlerMapping  : Mapped to ResourceHttpRequestHandler ["classpath:/resources/", "classpath:/static/", "/"]
2020-03-05 00:29:42.736 DEBUG 2552 --- [http-nio-8080-exec-6] o.s.w.s.handler.SimpleUrlHandlerMapping  : Mapped to ResourceHttpRequestHandler ["classpath:/resources/", "classpath:/static/", "/"]
2020-03-05 00:29:42.737 DEBUG 2552 --- [http-nio-8080-exec-6] o.s.w.s.handler.SimpleUrlHandlerMapping  : Mapped to ResourceHttpRequestHandler ["classpath:/resources/", "classpath:/static/", "/"]
2020-03-05 00:29:47.226 DEBUG 2552 --- [http-nio-8080-exec-3] o.s.w.s.handler.SimpleUrlHandlerMapping  : Mapped to ResourceHttpRequestHandler ["classpath:/resources/", "classpath:/static/", "/"]
2020-03-05 00:29:47.227 DEBUG 2552 --- [http-nio-8080-exec-3] o.s.w.s.handler.SimpleUrlHandlerMapping  : Mapped to ResourceHttpRequestHandler ["classpath:/resources/", "classpath:/static/", "/"]
2020-03-05 00:29:47.228 DEBUG 2552 --- [http-nio-8080-exec-3] o.s.w.s.handler.SimpleUrlHandlerMapping  : Mapped to ResourceHttpRequestHandler ["classpath:/resources/", "classpath:/static/", "/"]
2020-03-05 00:29:47.229 DEBUG 2552 --- [http-nio-8080-exec-3] o.s.w.s.handler.SimpleUrlHandlerMapping  : Mapped to ResourceHttpRequestHandler ["classpath:/resources/", "classpath:/static/", "/"]
2020-03-05 00:29:47.230 DEBUG 2552 --- [http-nio-8080-exec-3] o.s.w.s.handler.SimpleUrlHandlerMapping  : Mapped to ResourceHttpRequestHandler ["classpath:/resources/", "classpath:/static/", "/"]
2020-03-05 00:29:49.690 DEBUG 2552 --- [http-nio-8080-exec-10] o.s.w.s.handler.SimpleUrlHandlerMapping  : Mapped to ResourceHttpRequestHandler ["classpath:/resources/", "classpath:/static/", "/"]
2020-03-05 00:29:49.691 DEBUG 2552 --- [http-nio-8080-exec-10] o.s.w.s.handler.SimpleUrlHandlerMapping  : Mapped to ResourceHttpRequestHandler ["classpath:/resources/", "classpath:/static/", "/"]
2020-03-05 00:29:49.691 DEBUG 2552 --- [http-nio-8080-exec-10] o.s.w.s.handler.SimpleUrlHandlerMapping  : Mapped to ResourceHttpRequestHandler ["classpath:/resources/", "classpath:/static/", "/"]
2020-03-05 00:29:49.692 DEBUG 2552 --- [http-nio-8080-exec-10] o.s.w.s.handler.SimpleUrlHandlerMapping  : Mapped to ResourceHttpRequestHandler ["classpath:/resources/", "classpath:/static/", "/"]
2020-03-05 00:29:49.693 DEBUG 2552 --- [http-nio-8080-exec-10] o.s.w.s.handler.SimpleUrlHandlerMapping  : Mapped to ResourceHttpRequestHandler ["classpath:/resources/", "classpath:/static/", "/"]
2020-03-05 00:29:50.906 DEBUG 2552 --- [http-nio-8080-exec-5] o.s.web.servlet.DispatcherServlet        : GET "/", parameters={}
2020-03-05 00:29:50.907 DEBUG 2552 --- [http-nio-8080-exec-5] o.s.w.s.v.ContentNegotiatingViewResolver : Selected 'text/html' given [text/html, application/xhtml+xml, image/webp, image/apng, application/xml;q=0.9, application/signed-exchange;v=b3;q=0.9, */*;q=0.8]
2020-03-05 00:29:50.907 DEBUG 2552 --- [http-nio-8080-exec-5] o.s.web.servlet.view.JstlView            : View name 'index', model {}
2020-03-05 00:29:50.907 DEBUG 2552 --- [http-nio-8080-exec-5] o.s.web.servlet.view.JstlView            : Forwarding to [/WEB-INF/jsp/index.jsp]
2020-03-05 00:29:50.907 DEBUG 2552 --- [http-nio-8080-exec-5] o.s.web.servlet.DispatcherServlet        : "FORWARD" dispatch for GET "/main", parameters={}
2020-03-05 00:29:50.907 DEBUG 2552 --- [http-nio-8080-exec-5] s.w.s.m.m.a.RequestMappingHandlerMapping : Mapped to com.study.login.controller.LoginController#welcome(HttpServletResponse, HttpServletRequest, ModelAndView, LoginVO)
2020-03-05 00:29:50.911 DEBUG 2552 --- [http-nio-8080-exec-5] o.s.w.s.v.ContentNegotiatingViewResolver : Selected 'text/html' given [text/html, application/xhtml+xml, image/webp, image/apng, application/xml;q=0.9, application/signed-exchange;v=b3;q=0.9, */*;q=0.8]
2020-03-05 00:29:50.912 DEBUG 2552 --- [http-nio-8080-exec-5] o.s.web.servlet.view.JstlView            : View name 'login/main', model {modelAndView=ModelAndView [view="login/main"; model={userId=anonymousUser, list=[com.study.service.StudyVO@3c5e6a4c]}], org.springframework.validation.BindingResult.modelAndView=org.springframework.validation.BeanPropertyBindingResult: 0 errors, loginVO=com.study.login.service.LoginVO@71802187, org.springframework.validation.BindingResult.loginVO=org.springframework.validation.BeanPropertyBindingResult: 0 errors, userId=anonymousUser, list=[com.study.service.StudyVO@3c5e6a4c]}
2020-03-05 00:29:50.912 DEBUG 2552 --- [http-nio-8080-exec-5] o.s.web.servlet.view.JstlView            : Forwarding to [/WEB-INF/jsp/login/main.jsp]
2020-03-05 00:29:50.919 DEBUG 2552 --- [http-nio-8080-exec-5] o.s.web.servlet.DispatcherServlet        : Exiting from "FORWARD" dispatch, status 200
2020-03-05 00:29:50.920 DEBUG 2552 --- [http-nio-8080-exec-5] o.s.web.servlet.DispatcherServlet        : Completed 200 OK
2020-03-05 00:29:50.940 DEBUG 2552 --- [http-nio-8080-exec-2] o.s.web.servlet.DispatcherServlet        : GET "/css/bootstrap-responsive.css", parameters={}
2020-03-05 00:29:50.942 DEBUG 2552 --- [http-nio-8080-exec-2] o.s.w.s.handler.SimpleUrlHandlerMapping  : Mapped to ResourceHttpRequestHandler ["classpath:/resources/", "classpath:/static/", "/"]
2020-03-05 00:29:50.940 DEBUG 2552 --- [http-nio-8080-exec-6] o.s.web.servlet.DispatcherServlet        : GET "/css/bootstrap.css", parameters={}
2020-03-05 00:29:50.943 DEBUG 2552 --- [http-nio-8080-exec-6] o.s.w.s.handler.SimpleUrlHandlerMapping  : Mapped to ResourceHttpRequestHandler ["classpath:/resources/", "classpath:/static/", "/"]
2020-03-05 00:29:50.947 DEBUG 2552 --- [http-nio-8080-exec-2] o.s.web.servlet.DispatcherServlet        : Completed 200 OK
2020-03-05 00:29:50.951 DEBUG 2552 --- [http-nio-8080-exec-2] o.s.web.servlet.DispatcherServlet        : GET "/css/prettyPhoto.css", parameters={}
2020-03-05 00:29:50.952 DEBUG 2552 --- [http-nio-8080-exec-2] o.s.w.s.handler.SimpleUrlHandlerMapping  : Mapped to ResourceHttpRequestHandler ["classpath:/resources/", "classpath:/static/", "/"]
2020-03-05 00:29:50.953 DEBUG 2552 --- [http-nio-8080-exec-6] o.s.web.servlet.DispatcherServlet        : Completed 200 OK
2020-03-05 00:29:50.956 DEBUG 2552 --- [http-nio-8080-exec-6] o.s.web.servlet.DispatcherServlet        : GET "/css/camera.css", parameters={}
2020-03-05 00:29:50.958 DEBUG 2552 --- [http-nio-8080-exec-6] o.s.w.s.handler.SimpleUrlHandlerMapping  : Mapped to ResourceHttpRequestHandler ["classpath:/resources/", "classpath:/static/", "/"]
2020-03-05 00:29:50.942 DEBUG 2552 --- [http-nio-8080-exec-7] o.s.web.servlet.DispatcherServlet        : GET "/css/flexslider.css", parameters={}
2020-03-05 00:29:50.963 DEBUG 2552 --- [http-nio-8080-exec-2] o.s.web.servlet.DispatcherServlet        : Completed 200 OK
2020-03-05 00:29:50.966 DEBUG 2552 --- [http-nio-8080-exec-7] o.s.w.s.handler.SimpleUrlHandlerMapping  : Mapped to ResourceHttpRequestHandler ["classpath:/resources/", "classpath:/static/", "/"]
2020-03-05 00:29:50.968 DEBUG 2552 --- [http-nio-8080-exec-6] o.s.web.servlet.DispatcherServlet        : Completed 200 OK
2020-03-05 00:29:50.969 DEBUG 2552 --- [http-nio-8080-exec-7] o.s.web.servlet.DispatcherServlet        : Completed 200 OK
2020-03-05 00:29:50.971 DEBUG 2552 --- [http-nio-8080-exec-4] o.s.web.servlet.DispatcherServlet        : GET "/css/style.css", parameters={}
2020-03-05 00:29:50.971 DEBUG 2552 --- [http-nio-8080-exec-1] o.s.web.servlet.DispatcherServlet        : GET "/css/jquery.bxslider.css", parameters={}
2020-03-05 00:29:50.972 DEBUG 2552 --- [http-nio-8080-exec-4] o.s.w.s.handler.SimpleUrlHandlerMapping  : Mapped to ResourceHttpRequestHandler ["classpath:/resources/", "classpath:/static/", "/"]
2020-03-05 00:29:50.972 DEBUG 2552 --- [http-nio-8080-exec-1] o.s.w.s.handler.SimpleUrlHandlerMapping  : Mapped to ResourceHttpRequestHandler ["classpath:/resources/", "classpath:/static/", "/"]
2020-03-05 00:29:50.974 DEBUG 2552 --- [http-nio-8080-exec-10] o.s.web.servlet.DispatcherServlet        : GET "/color/default.css", parameters={}
2020-03-05 00:29:50.976 DEBUG 2552 --- [http-nio-8080-exec-4] o.s.web.servlet.DispatcherServlet        : Completed 200 OK
2020-03-05 00:29:50.977 DEBUG 2552 --- [http-nio-8080-exec-10] o.s.w.s.handler.SimpleUrlHandlerMapping  : Mapped to ResourceHttpRequestHandler ["classpath:/resources/", "classpath:/static/", "/"]
2020-03-05 00:29:50.978 DEBUG 2552 --- [http-nio-8080-exec-1] o.s.web.servlet.DispatcherServlet        : Completed 200 OK
2020-03-05 00:29:50.976 DEBUG 2552 --- [http-nio-8080-exec-9] o.s.web.servlet.DispatcherServlet        : GET "/js/jquery.js", parameters={}
2020-03-05 00:29:50.979 DEBUG 2552 --- [http-nio-8080-exec-9] o.s.w.s.handler.SimpleUrlHandlerMapping  : Mapped to ResourceHttpRequestHandler ["classpath:/resources/", "classpath:/static/", "/"]
2020-03-05 00:29:50.980 DEBUG 2552 --- [http-nio-8080-exec-10] o.s.web.servlet.DispatcherServlet        : Completed 200 OK
2020-03-05 00:29:50.982 DEBUG 2552 --- [http-nio-8080-exec-4] o.s.web.servlet.DispatcherServlet        : GET "/js/jquery.easing.1.3.js", parameters={}
2020-03-05 00:29:50.984 DEBUG 2552 --- [http-nio-8080-exec-4] o.s.w.s.handler.SimpleUrlHandlerMapping  : Mapped to ResourceHttpRequestHandler ["classpath:/resources/", "classpath:/static/", "/"]
2020-03-05 00:29:50.982 DEBUG 2552 --- [http-nio-8080-exec-5] o.s.web.servlet.DispatcherServlet        : GET "/js/bootstrap.js", parameters={}
2020-03-05 00:29:50.986 DEBUG 2552 --- [http-nio-8080-exec-9] o.s.web.servlet.DispatcherServlet        : Completed 200 OK
2020-03-05 00:29:50.986 DEBUG 2552 --- [http-nio-8080-exec-5] o.s.w.s.handler.SimpleUrlHandlerMapping  : Mapped to ResourceHttpRequestHandler ["classpath:/resources/", "classpath:/static/", "/"]
2020-03-05 00:29:50.987 DEBUG 2552 --- [http-nio-8080-exec-4] o.s.web.servlet.DispatcherServlet        : Completed 200 OK
2020-03-05 00:29:50.989 DEBUG 2552 --- [http-nio-8080-exec-8] o.s.web.servlet.DispatcherServlet        : GET "/js/modernizr.custom.js", parameters={}
2020-03-05 00:29:50.990 DEBUG 2552 --- [http-nio-8080-exec-5] o.s.web.servlet.DispatcherServlet        : Completed 200 OK
2020-03-05 00:29:50.991 DEBUG 2552 --- [http-nio-8080-exec-8] o.s.w.s.handler.SimpleUrlHandlerMapping  : Mapped to ResourceHttpRequestHandler ["classpath:/resources/", "classpath:/static/", "/"]
2020-03-05 00:29:50.992 DEBUG 2552 --- [http-nio-8080-exec-5] o.s.web.servlet.DispatcherServlet        : GET "/js/toucheffects.js", parameters={}
2020-03-05 00:29:50.993 DEBUG 2552 --- [http-nio-8080-exec-2] o.s.web.servlet.DispatcherServlet        : GET "/js/jquery.bxslider.min.js", parameters={}
2020-03-05 00:29:50.993 DEBUG 2552 --- [http-nio-8080-exec-2] o.s.w.s.handler.SimpleUrlHandlerMapping  : Mapped to ResourceHttpRequestHandler ["classpath:/resources/", "classpath:/static/", "/"]
2020-03-05 00:29:50.993 DEBUG 2552 --- [http-nio-8080-exec-8] o.s.web.servlet.DispatcherServlet        : Completed 200 OK
2020-03-05 00:29:50.995 DEBUG 2552 --- [http-nio-8080-exec-5] o.s.w.s.handler.SimpleUrlHandlerMapping  : Mapped to ResourceHttpRequestHandler ["classpath:/resources/", "classpath:/static/", "/"]
2020-03-05 00:29:50.995 DEBUG 2552 --- [http-nio-8080-exec-6] o.s.web.servlet.DispatcherServlet        : GET "/js/camera/camera.js", parameters={}
2020-03-05 00:29:50.997 DEBUG 2552 --- [http-nio-8080-exec-1] o.s.web.servlet.DispatcherServlet        : GET "/js/jquery.prettyPhoto.js", parameters={}
2020-03-05 00:29:50.997 DEBUG 2552 --- [http-nio-8080-exec-6] o.s.w.s.handler.SimpleUrlHandlerMapping  : Mapped to ResourceHttpRequestHandler ["classpath:/resources/", "classpath:/static/", "/"]
2020-03-05 00:29:50.997 DEBUG 2552 --- [http-nio-8080-exec-1] o.s.w.s.handler.SimpleUrlHandlerMapping  : Mapped to ResourceHttpRequestHandler ["classpath:/resources/", "classpath:/static/", "/"]
2020-03-05 00:29:50.995 DEBUG 2552 --- [http-nio-8080-exec-3] o.s.web.servlet.DispatcherServlet        : GET "/js/google-code-prettify/prettify.js", parameters={}
2020-03-05 00:29:50.999 DEBUG 2552 --- [http-nio-8080-exec-1] o.s.web.servlet.DispatcherServlet        : Completed 200 OK
2020-03-05 00:29:51.000 DEBUG 2552 --- [http-nio-8080-exec-6] o.s.web.servlet.DispatcherServlet        : Completed 200 OK
2020-03-05 00:29:51.000 DEBUG 2552 --- [http-nio-8080-exec-3] o.s.w.s.handler.SimpleUrlHandlerMapping  : Mapped to ResourceHttpRequestHandler ["classpath:/resources/", "classpath:/static/", "/"]
2020-03-05 00:29:50.998 DEBUG 2552 --- [http-nio-8080-exec-5] o.s.web.servlet.DispatcherServlet        : Completed 200 OK
2020-03-05 00:29:50.998 DEBUG 2552 --- [http-nio-8080-exec-2] o.s.web.servlet.DispatcherServlet        : Completed 200 OK
2020-03-05 00:29:51.001 DEBUG 2552 --- [http-nio-8080-exec-7] o.s.web.servlet.DispatcherServlet        : GET "/js/camera/setting.js", parameters={}
2020-03-05 00:29:51.003 DEBUG 2552 --- [http-nio-8080-exec-3] o.s.web.servlet.DispatcherServlet        : Completed 200 OK
2020-03-05 00:29:51.004 DEBUG 2552 --- [http-nio-8080-exec-7] o.s.w.s.handler.SimpleUrlHandlerMapping  : Mapped to ResourceHttpRequestHandler ["classpath:/resources/", "classpath:/static/", "/"]
2020-03-05 00:29:51.008 DEBUG 2552 --- [http-nio-8080-exec-10] o.s.web.servlet.DispatcherServlet        : GET "/js/portfolio/jquery.quicksand.js", parameters={}
2020-03-05 00:29:51.008 DEBUG 2552 --- [http-nio-8080-exec-7] o.s.web.servlet.DispatcherServlet        : Completed 200 OK
2020-03-05 00:29:51.008 DEBUG 2552 --- [http-nio-8080-exec-10] o.s.w.s.handler.SimpleUrlHandlerMapping  : Mapped to ResourceHttpRequestHandler ["classpath:/resources/", "classpath:/static/", "/"]
2020-03-05 00:29:51.010 DEBUG 2552 --- [http-nio-8080-exec-4] o.s.web.servlet.DispatcherServlet        : GET "/js/jquery.flexslider.js", parameters={}
2020-03-05 00:29:51.011 DEBUG 2552 --- [http-nio-8080-exec-4] o.s.w.s.handler.SimpleUrlHandlerMapping  : Mapped to ResourceHttpRequestHandler ["classpath:/resources/", "classpath:/static/", "/"]
2020-03-05 00:29:51.008 DEBUG 2552 --- [http-nio-8080-exec-9] o.s.web.servlet.DispatcherServlet        : GET "/js/portfolio/setting.js", parameters={}
2020-03-05 00:29:51.012 DEBUG 2552 --- [http-nio-8080-exec-9] o.s.w.s.handler.SimpleUrlHandlerMapping  : Mapped to ResourceHttpRequestHandler ["classpath:/resources/", "classpath:/static/", "/"]
2020-03-05 00:29:51.012 DEBUG 2552 --- [http-nio-8080-exec-8] o.s.web.servlet.DispatcherServlet        : GET "/js/animate.js", parameters={}
2020-03-05 00:29:51.012 DEBUG 2552 --- [http-nio-8080-exec-1] o.s.web.servlet.DispatcherServlet        : GET "/js/inview.js", parameters={}
2020-03-05 00:29:51.013 DEBUG 2552 --- [http-nio-8080-exec-8] o.s.w.s.handler.SimpleUrlHandlerMapping  : Mapped to ResourceHttpRequestHandler ["classpath:/resources/", "classpath:/static/", "/"]
2020-03-05 00:29:51.013 DEBUG 2552 --- [http-nio-8080-exec-1] o.s.w.s.handler.SimpleUrlHandlerMapping  : Mapped to ResourceHttpRequestHandler ["classpath:/resources/", "classpath:/static/", "/"]
2020-03-05 00:29:51.014 DEBUG 2552 --- [http-nio-8080-exec-10] o.s.web.servlet.DispatcherServlet        : Completed 200 OK
2020-03-05 00:29:51.014 DEBUG 2552 --- [http-nio-8080-exec-1] o.s.web.servlet.DispatcherServlet        : Completed 200 OK
2020-03-05 00:29:51.015 DEBUG 2552 --- [http-nio-8080-exec-4] o.s.web.servlet.DispatcherServlet        : Completed 200 OK
2020-03-05 00:29:51.017 DEBUG 2552 --- [http-nio-8080-exec-7] o.s.web.servlet.DispatcherServlet        : GET "/js/custom.js", parameters={}
2020-03-05 00:29:51.018 DEBUG 2552 --- [http-nio-8080-exec-9] o.s.web.servlet.DispatcherServlet        : Completed 200 OK
2020-03-05 00:29:51.019 DEBUG 2552 --- [http-nio-8080-exec-7] o.s.w.s.handler.SimpleUrlHandlerMapping  : Mapped to ResourceHttpRequestHandler ["classpath:/resources/", "classpath:/static/", "/"]
2020-03-05 00:29:51.021 DEBUG 2552 --- [http-nio-8080-exec-7] o.s.web.servlet.DispatcherServlet        : Completed 200 OK
2020-03-05 00:29:51.025 DEBUG 2552 --- [http-nio-8080-exec-8] o.s.web.servlet.DispatcherServlet        : Completed 200 OK
2020-03-05 00:29:51.043 DEBUG 2552 --- [http-nio-8080-exec-6] o.s.web.servlet.DispatcherServlet        : GET "/js/google-code-prettify/prettify.css", parameters={}
2020-03-05 00:29:51.043 DEBUG 2552 --- [http-nio-8080-exec-5] o.s.web.servlet.DispatcherServlet        : GET "/css/font-awesome.css", parameters={}
2020-03-05 00:29:51.043 DEBUG 2552 --- [http-nio-8080-exec-2] o.s.web.servlet.DispatcherServlet        : GET "/css/overwrite.css", parameters={}
2020-03-05 00:29:51.043 DEBUG 2552 --- [http-nio-8080-exec-2] o.s.w.s.handler.SimpleUrlHandlerMapping  : Mapped to ResourceHttpRequestHandler ["classpath:/resources/", "classpath:/static/", "/"]
2020-03-05 00:29:51.044 DEBUG 2552 --- [http-nio-8080-exec-5] o.s.w.s.handler.SimpleUrlHandlerMapping  : Mapped to ResourceHttpRequestHandler ["classpath:/resources/", "classpath:/static/", "/"]
2020-03-05 00:29:51.043 DEBUG 2552 --- [http-nio-8080-exec-6] o.s.w.s.handler.SimpleUrlHandlerMapping  : Mapped to ResourceHttpRequestHandler ["classpath:/resources/", "classpath:/static/", "/"]
2020-03-05 00:29:51.045 DEBUG 2552 --- [http-nio-8080-exec-2] o.s.web.servlet.DispatcherServlet        : Completed 200 OK
2020-03-05 00:29:51.046 DEBUG 2552 --- [http-nio-8080-exec-5] o.s.web.servlet.DispatcherServlet        : Completed 200 OK
2020-03-05 00:29:51.047 DEBUG 2552 --- [http-nio-8080-exec-6] o.s.web.servlet.DispatcherServlet        : Completed 200 OK
2020-03-05 00:29:51.051 DEBUG 2552 --- [http-nio-8080-exec-3] o.s.web.servlet.DispatcherServlet        : GET "/css/animate.css", parameters={}
2020-03-05 00:29:51.051 DEBUG 2552 --- [http-nio-8080-exec-1] o.s.web.servlet.DispatcherServlet        : GET "/css/shortcodes.css", parameters={}
2020-03-05 00:29:51.051 DEBUG 2552 --- [http-nio-8080-exec-1] o.s.w.s.handler.SimpleUrlHandlerMapping  : Mapped to ResourceHttpRequestHandler ["classpath:/resources/", "classpath:/static/", "/"]
2020-03-05 00:29:51.052 DEBUG 2552 --- [http-nio-8080-exec-3] o.s.w.s.handler.SimpleUrlHandlerMapping  : Mapped to ResourceHttpRequestHandler ["classpath:/resources/", "classpath:/static/", "/"]
2020-03-05 00:29:51.054 DEBUG 2552 --- [http-nio-8080-exec-1] o.s.web.servlet.DispatcherServlet        : Completed 200 OK
2020-03-05 00:29:51.054 DEBUG 2552 --- [http-nio-8080-exec-3] o.s.web.servlet.DispatcherServlet        : Completed 200 OK
2020-03-05 00:29:51.103 DEBUG 2552 --- [http-nio-8080-exec-10] o.s.web.servlet.DispatcherServlet        : GET "/fonts/fontawesome/fontawesome-webfont.woff?v=3.2.1", parameters={masked}
2020-03-05 00:29:51.104 DEBUG 2552 --- [http-nio-8080-exec-10] o.s.w.s.handler.SimpleUrlHandlerMapping  : Mapped to ResourceHttpRequestHandler ["classpath:/resources/", "classpath:/static/", "/"]
2020-03-05 00:29:51.107 DEBUG 2552 --- [http-nio-8080-exec-10] o.s.web.servlet.DispatcherServlet        : Completed 200 OK
2020-03-05 00:29:51.146 DEBUG 2552 --- [http-nio-8080-exec-9] o.s.web.servlet.DispatcherServlet        : GET "/img/camera/camera-loader.gif", parameters={}
2020-03-05 00:29:51.147 DEBUG 2552 --- [http-nio-8080-exec-9] o.s.w.s.handler.SimpleUrlHandlerMapping  : Mapped to ResourceHttpRequestHandler ["classpath:/resources/", "classpath:/static/", "/"]
2020-03-05 00:29:51.150 DEBUG 2552 --- [http-nio-8080-exec-9] o.s.web.servlet.DispatcherServlet        : Completed 200 OK
2020-03-05 00:29:51.160 DEBUG 2552 --- [http-nio-8080-exec-4] o.s.web.servlet.DispatcherServlet        : GET "/img/camera/camera_skins.png", parameters={}
2020-03-05 00:29:51.161 DEBUG 2552 --- [http-nio-8080-exec-4] o.s.w.s.handler.SimpleUrlHandlerMapping  : Mapped to ResourceHttpRequestHandler ["classpath:/resources/", "classpath:/static/", "/"]
2020-03-05 00:29:51.163 DEBUG 2552 --- [http-nio-8080-exec-4] o.s.web.servlet.DispatcherServlet        : Completed 200 OK
2020-03-05 00:29:51.176 DEBUG 2552 --- [http-nio-8080-exec-7] o.s.web.servlet.DispatcherServlet        : GET "/img/slides/camera/slide1/img1.jpg?1583335791164", parameters={masked}
2020-03-05 00:29:51.177 DEBUG 2552 --- [http-nio-8080-exec-7] o.s.w.s.handler.SimpleUrlHandlerMapping  : Mapped to ResourceHttpRequestHandler ["classpath:/resources/", "classpath:/static/", "/"]
2020-03-05 00:29:51.187 DEBUG 2552 --- [http-nio-8080-exec-7] o.s.web.servlet.DispatcherServlet        : Completed 200 OK
2020-03-05 00:30:01.508 DEBUG 2552 --- [http-nio-8080-exec-8] o.s.web.servlet.DispatcherServlet        : GET "/img/slides/camera/slide1/img1.jpg?1583335791164", parameters={masked}
2020-03-05 00:30:01.509 DEBUG 2552 --- [http-nio-8080-exec-8] o.s.w.s.handler.SimpleUrlHandlerMapping  : Mapped to ResourceHttpRequestHandler ["classpath:/resources/", "classpath:/static/", "/"]
2020-03-05 00:30:01.517 DEBUG 2552 --- [http-nio-8080-exec-8] o.s.web.servlet.DispatcherServlet        : Completed 200 OK
2020-03-05 00:30:12.500 DEBUG 2552 --- [http-nio-8080-exec-2] o.s.web.servlet.DispatcherServlet        : GET "/img/slides/camera/slide1/img1.jpg?1583335791164", parameters={masked}
2020-03-05 00:30:12.500 DEBUG 2552 --- [http-nio-8080-exec-2] o.s.w.s.handler.SimpleUrlHandlerMapping  : Mapped to ResourceHttpRequestHandler ["classpath:/resources/", "classpath:/static/", "/"]
2020-03-05 00:30:12.509 DEBUG 2552 --- [http-nio-8080-exec-2] o.s.web.servlet.DispatcherServlet        : Completed 200 OK
2020-03-05 00:30:22.667 DEBUG 2552 --- [http-nio-8080-exec-5] o.s.web.servlet.DispatcherServlet        : GET "/img/slides/camera/slide1/img1.jpg?1583335791164", parameters={masked}
2020-03-05 00:30:22.667 DEBUG 2552 --- [http-nio-8080-exec-5] o.s.w.s.handler.SimpleUrlHandlerMapping  : Mapped to ResourceHttpRequestHandler ["classpath:/resources/", "classpath:/static/", "/"]
2020-03-05 00:30:22.679 DEBUG 2552 --- [http-nio-8080-exec-5] o.s.web.servlet.DispatcherServlet        : Completed 200 OK
2020-03-05 00:30:42.297 DEBUG 2552 --- [http-nio-8080-exec-6] o.s.web.servlet.DispatcherServlet        : GET "/img/slides/camera/slide1/img1.jpg?1583335791164", parameters={masked}
2020-03-05 00:30:42.298 DEBUG 2552 --- [http-nio-8080-exec-6] o.s.w.s.handler.SimpleUrlHandlerMapping  : Mapped to ResourceHttpRequestHandler ["classpath:/resources/", "classpath:/static/", "/"]
2020-03-05 00:30:42.307 DEBUG 2552 --- [http-nio-8080-exec-6] o.s.web.servlet.DispatcherServlet        : Completed 200 OK
2020-03-05 00:30:53.494 DEBUG 2552 --- [http-nio-8080-exec-7] o.s.web.servlet.DispatcherServlet        : GET "/img/slides/camera/slide1/img1.jpg?1583335791164", parameters={masked}
2020-03-05 00:30:53.495 DEBUG 2552 --- [http-nio-8080-exec-7] o.s.w.s.handler.SimpleUrlHandlerMapping  : Mapped to ResourceHttpRequestHandler ["classpath:/resources/", "classpath:/static/", "/"]
2020-03-05 00:30:53.503 DEBUG 2552 --- [http-nio-8080-exec-7] o.s.web.servlet.DispatcherServlet        : Completed 200 OK
2020-03-05 00:31:03.633 DEBUG 2552 --- [http-nio-8080-exec-8] o.s.web.servlet.DispatcherServlet        : GET "/img/slides/camera/slide1/img1.jpg?1583335791164", parameters={masked}
2020-03-05 00:31:03.634 DEBUG 2552 --- [http-nio-8080-exec-8] o.s.w.s.handler.SimpleUrlHandlerMapping  : Mapped to ResourceHttpRequestHandler ["classpath:/resources/", "classpath:/static/", "/"]
2020-03-05 00:31:03.642 DEBUG 2552 --- [http-nio-8080-exec-8] o.s.web.servlet.DispatcherServlet        : Completed 200 OK
2020-03-05 00:31:13.104 DEBUG 2552 --- [http-nio-8080-exec-2] o.s.web.servlet.DispatcherServlet        : GET "/img/slides/camera/slide1/img1.jpg?1583335791164", parameters={masked}
2020-03-05 00:31:13.104 DEBUG 2552 --- [http-nio-8080-exec-2] o.s.w.s.handler.SimpleUrlHandlerMapping  : Mapped to ResourceHttpRequestHandler ["classpath:/resources/", "classpath:/static/", "/"]
2020-03-05 00:31:13.113 DEBUG 2552 --- [http-nio-8080-exec-2] o.s.web.servlet.DispatcherServlet        : Completed 200 OK
2020-03-05 00:31:22.553 DEBUG 2552 --- [http-nio-8080-exec-5] o.s.web.servlet.DispatcherServlet        : GET "/img/slides/camera/slide1/img1.jpg?1583335791164", parameters={masked}
2020-03-05 00:31:22.554 DEBUG 2552 --- [http-nio-8080-exec-5] o.s.w.s.handler.SimpleUrlHandlerMapping  : Mapped to ResourceHttpRequestHandler ["classpath:/resources/", "classpath:/static/", "/"]
2020-03-05 00:31:22.562 DEBUG 2552 --- [http-nio-8080-exec-5] o.s.web.servlet.DispatcherServlet        : Completed 200 OK
2020-03-05 00:31:32.020 DEBUG 2552 --- [http-nio-8080-exec-6] o.s.web.servlet.DispatcherServlet        : GET "/img/slides/camera/slide1/img1.jpg?1583335791164", parameters={masked}
2020-03-05 00:31:32.021 DEBUG 2552 --- [http-nio-8080-exec-6] o.s.w.s.handler.SimpleUrlHandlerMapping  : Mapped to ResourceHttpRequestHandler ["classpath:/resources/", "classpath:/static/", "/"]
2020-03-05 00:31:32.028 DEBUG 2552 --- [http-nio-8080-exec-6] o.s.web.servlet.DispatcherServlet        : Completed 200 OK
2020-03-05 00:31:42.137 DEBUG 2552 --- [http-nio-8080-exec-4] o.s.web.servlet.DispatcherServlet        : GET "/img/slides/camera/slide1/img1.jpg?1583335791164", parameters={masked}
2020-03-05 00:31:42.138 DEBUG 2552 --- [http-nio-8080-exec-4] o.s.w.s.handler.SimpleUrlHandlerMapping  : Mapped to ResourceHttpRequestHandler ["classpath:/resources/", "classpath:/static/", "/"]
2020-03-05 00:31:42.146 DEBUG 2552 --- [http-nio-8080-exec-4] o.s.web.servlet.DispatcherServlet        : Completed 200 OK
2020-03-05 00:31:53.338 DEBUG 2552 --- [http-nio-8080-exec-9] o.s.web.servlet.DispatcherServlet        : GET "/img/slides/camera/slide1/img1.jpg?1583335791164", parameters={masked}
2020-03-05 00:31:53.338 DEBUG 2552 --- [http-nio-8080-exec-9] o.s.w.s.handler.SimpleUrlHandlerMapping  : Mapped to ResourceHttpRequestHandler ["classpath:/resources/", "classpath:/static/", "/"]
2020-03-05 00:31:53.347 DEBUG 2552 --- [http-nio-8080-exec-9] o.s.web.servlet.DispatcherServlet        : Completed 200 OK
2020-03-05 00:32:02.802 DEBUG 2552 --- [http-nio-8080-exec-1] o.s.web.servlet.DispatcherServlet        : GET "/img/slides/camera/slide1/img1.jpg?1583335791164", parameters={masked}
2020-03-05 00:32:02.803 DEBUG 2552 --- [http-nio-8080-exec-1] o.s.w.s.handler.SimpleUrlHandlerMapping  : Mapped to ResourceHttpRequestHandler ["classpath:/resources/", "classpath:/static/", "/"]
2020-03-05 00:32:02.811 DEBUG 2552 --- [http-nio-8080-exec-1] o.s.web.servlet.DispatcherServlet        : Completed 200 OK
2020-03-05 00:32:12.932 DEBUG 2552 --- [http-nio-8080-exec-3] o.s.web.servlet.DispatcherServlet        : GET "/img/slides/camera/slide1/img1.jpg?1583335791164", parameters={masked}
2020-03-05 00:32:12.933 DEBUG 2552 --- [http-nio-8080-exec-3] o.s.w.s.handler.SimpleUrlHandlerMapping  : Mapped to ResourceHttpRequestHandler ["classpath:/resources/", "classpath:/static/", "/"]
2020-03-05 00:32:12.941 DEBUG 2552 --- [http-nio-8080-exec-3] o.s.web.servlet.DispatcherServlet        : Completed 200 OK
2020-03-05 00:32:23.100 DEBUG 2552 --- [http-nio-8080-exec-10] o.s.web.servlet.DispatcherServlet        : GET "/img/slides/camera/slide1/img1.jpg?1583335791164", parameters={masked}
2020-03-05 00:32:23.101 DEBUG 2552 --- [http-nio-8080-exec-10] o.s.w.s.handler.SimpleUrlHandlerMapping  : Mapped to ResourceHttpRequestHandler ["classpath:/resources/", "classpath:/static/", "/"]
2020-03-05 00:32:23.108 DEBUG 2552 --- [http-nio-8080-exec-10] o.s.web.servlet.DispatcherServlet        : Completed 200 OK
2020-03-05 00:32:43.397 DEBUG 2552 --- [http-nio-8080-exec-7] o.s.web.servlet.DispatcherServlet        : GET "/img/slides/camera/slide1/img1.jpg?1583335791164", parameters={masked}
2020-03-05 00:32:43.398 DEBUG 2552 --- [http-nio-8080-exec-7] o.s.w.s.handler.SimpleUrlHandlerMapping  : Mapped to ResourceHttpRequestHandler ["classpath:/resources/", "classpath:/static/", "/"]
2020-03-05 00:32:43.407 DEBUG 2552 --- [http-nio-8080-exec-7] o.s.web.servlet.DispatcherServlet        : Completed 200 OK
2020-03-05 00:33:03.548 DEBUG 2552 --- [http-nio-8080-exec-8] o.s.web.servlet.DispatcherServlet        : GET "/img/slides/camera/slide1/img1.jpg?1583335791164", parameters={masked}
2020-03-05 00:33:03.549 DEBUG 2552 --- [http-nio-8080-exec-8] o.s.w.s.handler.SimpleUrlHandlerMapping  : Mapped to ResourceHttpRequestHandler ["classpath:/resources/", "classpath:/static/", "/"]
2020-03-05 00:33:03.556 DEBUG 2552 --- [http-nio-8080-exec-8] o.s.web.servlet.DispatcherServlet        : Completed 200 OK
2020-03-05 00:33:13.758 DEBUG 2552 --- [http-nio-8080-exec-2] o.s.web.servlet.DispatcherServlet        : GET "/img/slides/camera/slide1/img1.jpg?1583335791164", parameters={masked}
2020-03-05 00:33:13.759 DEBUG 2552 --- [http-nio-8080-exec-2] o.s.w.s.handler.SimpleUrlHandlerMapping  : Mapped to ResourceHttpRequestHandler ["classpath:/resources/", "classpath:/static/", "/"]
2020-03-05 00:33:13.767 DEBUG 2552 --- [http-nio-8080-exec-2] o.s.web.servlet.DispatcherServlet        : Completed 200 OK
2020-03-05 00:33:23.229 DEBUG 2552 --- [http-nio-8080-exec-5] o.s.web.servlet.DispatcherServlet        : GET "/img/slides/camera/slide1/img1.jpg?1583335791164", parameters={masked}
2020-03-05 00:33:23.231 DEBUG 2552 --- [http-nio-8080-exec-5] o.s.w.s.handler.SimpleUrlHandlerMapping  : Mapped to ResourceHttpRequestHandler ["classpath:/resources/", "classpath:/static/", "/"]
2020-03-05 00:33:23.239 DEBUG 2552 --- [http-nio-8080-exec-5] o.s.web.servlet.DispatcherServlet        : Completed 200 OK
2020-03-05 00:33:33.357 DEBUG 2552 --- [http-nio-8080-exec-6] o.s.web.servlet.DispatcherServlet        : GET "/img/slides/camera/slide1/img1.jpg?1583335791164", parameters={masked}
2020-03-05 00:33:33.358 DEBUG 2552 --- [http-nio-8080-exec-6] o.s.w.s.handler.SimpleUrlHandlerMapping  : Mapped to ResourceHttpRequestHandler ["classpath:/resources/", "classpath:/static/", "/"]
2020-03-05 00:33:33.366 DEBUG 2552 --- [http-nio-8080-exec-6] o.s.web.servlet.DispatcherServlet        : Completed 200 OK
2020-03-05 00:33:42.837 DEBUG 2552 --- [http-nio-8080-exec-4] o.s.web.servlet.DispatcherServlet        : GET "/img/slides/camera/slide1/img1.jpg?1583335791164", parameters={masked}
2020-03-05 00:33:42.838 DEBUG 2552 --- [http-nio-8080-exec-4] o.s.w.s.handler.SimpleUrlHandlerMapping  : Mapped to ResourceHttpRequestHandler ["classpath:/resources/", "classpath:/static/", "/"]
2020-03-05 00:33:42.846 DEBUG 2552 --- [http-nio-8080-exec-4] o.s.web.servlet.DispatcherServlet        : Completed 200 OK
2020-03-05 00:34:32.615 DEBUG 2552 --- [http-nio-8080-exec-9] o.s.web.servlet.DispatcherServlet        : GET "/img/slides/camera/slide1/img1.jpg?1583335791164", parameters={masked}
2020-03-05 00:34:32.615 DEBUG 2552 --- [http-nio-8080-exec-9] o.s.w.s.handler.SimpleUrlHandlerMapping  : Mapped to ResourceHttpRequestHandler ["classpath:/resources/", "classpath:/static/", "/"]
2020-03-05 00:34:32.622 DEBUG 2552 --- [http-nio-8080-exec-9] o.s.web.servlet.DispatcherServlet        : Completed 200 OK
2020-03-05 00:35:00.612 DEBUG 2552 --- [http-nio-8080-exec-1] o.s.web.servlet.DispatcherServlet        : GET "/img/slides/camera/slide1/img1.jpg?1583335791164", parameters={masked}
2020-03-05 00:35:00.613 DEBUG 2552 --- [http-nio-8080-exec-1] o.s.w.s.handler.SimpleUrlHandlerMapping  : Mapped to ResourceHttpRequestHandler ["classpath:/resources/", "classpath:/static/", "/"]
2020-03-05 00:35:00.620 DEBUG 2552 --- [http-nio-8080-exec-1] o.s.web.servlet.DispatcherServlet        : Completed 200 OK
2020-03-05 00:35:25.248 DEBUG 2552 --- [http-nio-8080-exec-3] o.s.web.servlet.DispatcherServlet        : GET "/img/slides/camera/slide1/img1.jpg?1583335791164", parameters={masked}
2020-03-05 00:35:25.249 DEBUG 2552 --- [http-nio-8080-exec-3] o.s.w.s.handler.SimpleUrlHandlerMapping  : Mapped to ResourceHttpRequestHandler ["classpath:/resources/", "classpath:/static/", "/"]
2020-03-05 00:35:25.261 DEBUG 2552 --- [http-nio-8080-exec-3] o.s.web.servlet.DispatcherServlet        : Completed 200 OK
2020-03-05 00:35:25.881  INFO 2552 --- [RMI TCP Connection(2)-127.0.0.1] inMXBeanRegistrar$SpringApplicationAdmin : Application shutdown requested.
2020-03-05 00:35:25.911  INFO 2552 --- [RMI TCP Connection(2)-127.0.0.1] o.s.s.concurrent.ThreadPoolTaskExecutor  : Shutting down ExecutorService 'applicationTaskExecutor'
2020-03-05 00:35:25.912  WARN 2552 --- [RMI TCP Connection(2)-127.0.0.1] o.s.b.f.support.DisposableBeanAdapter    : Destroy method 'close' on bean with name 'sqlSessionTemplate' threw an exception: java.lang.UnsupportedOperationException: Manual close is not allowed over a Spring managed SqlSession
2020-03-05 00:35:25.912  INFO 2552 --- [RMI TCP Connection(2)-127.0.0.1] com.zaxxer.hikari.HikariDataSource       : HikariPool-1 - Shutdown initiated...
2020-03-05 00:35:25.925  INFO 2552 --- [RMI TCP Connection(2)-127.0.0.1] com.zaxxer.hikari.HikariDataSource       : HikariPool-1 - Shutdown completed.
